<?xml version="1.0" encoding="UTF-8"?>
<testsuite xmlns:xsi="http://www.w3.org/2001/XMLSchema-instance" xsi:noNamespaceSchemaLocation="https://maven.apache.org/surefire/maven-surefire-plugin/xsd/surefire-test-report-3.0.xsd" version="3.0" name="com.ivan.aksionau.test.EmployeeControllerIntegrationTest" time="5.457" tests="4" errors="0" skipped="0" failures="0">
  <properties>
[...]
</properties>
  <testcase name="testGetEmployees" classname="com.ivan.aksionau.test.EmployeeControllerIntegrationTest" time="1.703">
    <system-out><![CDATA[07:48:23.392 [main] DEBUG org.springframework.test.context.BootstrapUtils - Instantiating CacheAwareContextLoaderDelegate from class [org.springframework.test.context.cache.DefaultCacheAwareContextLoaderDelegate]
07:48:23.400 [main] DEBUG org.springframework.test.context.BootstrapUtils - Instantiating BootstrapContext using constructor [public org.springframework.test.context.support.DefaultBootstrapContext(java.lang.Class,org.springframework.test.context.CacheAwareContextLoaderDelegate)]
07:48:23.430 [main] DEBUG org.springframework.test.context.BootstrapUtils - Instantiating TestContextBootstrapper for test class [com.ivan.aksionau.test.EmployeeControllerIntegrationTest] from class [org.springframework.boot.test.context.SpringBootTestContextBootstrapper]
07:48:23.439 [main] INFO org.springframework.boot.test.context.SpringBootTestContextBootstrapper - Neither @ContextConfiguration nor @ContextHierarchy found for test class [com.ivan.aksionau.test.EmployeeControllerIntegrationTest], using SpringBootContextLoader
07:48:23.441 [main] DEBUG org.springframework.test.context.support.AbstractContextLoader - Did not detect default resource location for test class [com.ivan.aksionau.test.EmployeeControllerIntegrationTest]: class path resource [com/ivan/aksionau/test/EmployeeControllerIntegrationTest-context.xml] does not exist
07:48:23.442 [main] DEBUG org.springframework.test.context.support.AbstractContextLoader - Did not detect default resource location for test class [com.ivan.aksionau.test.EmployeeControllerIntegrationTest]: class path resource [com/ivan/aksionau/test/EmployeeControllerIntegrationTestContext.groovy] does not exist
07:48:23.442 [main] INFO org.springframework.test.context.support.AbstractContextLoader - Could not detect default resource locations for test class [com.ivan.aksionau.test.EmployeeControllerIntegrationTest]: no resource found for suffixes {-context.xml, Context.groovy}.
07:48:23.479 [main] DEBUG org.springframework.test.context.support.ActiveProfilesUtils - Could not find an 'annotation declaring class' for annotation type [org.springframework.test.context.ActiveProfiles] and class [com.ivan.aksionau.test.EmployeeControllerIntegrationTest]
07:48:23.580 [main] DEBUG org.springframework.boot.test.context.SpringBootTestContextBootstrapper - @TestExecutionListeners is not present for class [com.ivan.aksionau.test.EmployeeControllerIntegrationTest]: using defaults.
07:48:23.581 [main] INFO org.springframework.boot.test.context.SpringBootTestContextBootstrapper - Loaded default TestExecutionListener class names from location [META-INF/spring.factories]: [org.springframework.boot.test.mock.mockito.MockitoTestExecutionListener, org.springframework.boot.test.mock.mockito.ResetMocksTestExecutionListener, org.springframework.boot.test.autoconfigure.restdocs.RestDocsTestExecutionListener, org.springframework.boot.test.autoconfigure.web.client.MockRestServiceServerResetTestExecutionListener, org.springframework.boot.test.autoconfigure.web.servlet.MockMvcPrintOnlyOnFailureTestExecutionListener, org.springframework.boot.test.autoconfigure.web.servlet.WebDriverTestExecutionListener, org.springframework.boot.test.autoconfigure.webservices.client.MockWebServiceServerTestExecutionListener, org.springframework.test.context.web.ServletTestExecutionListener, org.springframework.test.context.support.DirtiesContextBeforeModesTestExecutionListener, org.springframework.test.context.event.ApplicationEventsTestExecutionListener, org.springframework.test.context.support.DependencyInjectionTestExecutionListener, org.springframework.test.context.support.DirtiesContextTestExecutionListener, org.springframework.test.context.transaction.TransactionalTestExecutionListener, org.springframework.test.context.jdbc.SqlScriptsTestExecutionListener, org.springframework.test.context.event.EventPublishingTestExecutionListener]
07:48:23.590 [main] DEBUG org.springframework.boot.test.context.SpringBootTestContextBootstrapper - Skipping candidate TestExecutionListener [org.springframework.test.context.transaction.TransactionalTestExecutionListener] due to a missing dependency. Specify custom listener classes or make the default listener classes and their required dependencies available. Offending class: [org/springframework/transaction/TransactionDefinition]
07:48:23.591 [main] DEBUG org.springframework.boot.test.context.SpringBootTestContextBootstrapper - Skipping candidate TestExecutionListener [org.springframework.test.context.jdbc.SqlScriptsTestExecutionListener] due to a missing dependency. Specify custom listener classes or make the default listener classes and their required dependencies available. Offending class: [org/springframework/transaction/interceptor/TransactionAttribute]
07:48:23.592 [main] INFO org.springframework.boot.test.context.SpringBootTestContextBootstrapper - Using TestExecutionListeners: [org.springframework.test.context.web.ServletTestExecutionListener@44e3a2b2, org.springframework.test.context.support.DirtiesContextBeforeModesTestExecutionListener@101639ae, org.springframework.test.context.event.ApplicationEventsTestExecutionListener@4c550889, org.springframework.boot.test.mock.mockito.MockitoTestExecutionListener@1d2bd371, org.springframework.boot.test.autoconfigure.SpringBootDependencyInjectionTestExecutionListener@44040454, org.springframework.test.context.support.DirtiesContextTestExecutionListener@65fe9e33, org.springframework.test.context.event.EventPublishingTestExecutionListener@18bc345, org.springframework.boot.test.mock.mockito.ResetMocksTestExecutionListener@42f8285e, org.springframework.boot.test.autoconfigure.restdocs.RestDocsTestExecutionListener@26bab2f1, org.springframework.boot.test.autoconfigure.web.client.MockRestServiceServerResetTestExecutionListener@3724af13, org.springframework.boot.test.autoconfigure.web.servlet.MockMvcPrintOnlyOnFailureTestExecutionListener@68ead359, org.springframework.boot.test.autoconfigure.web.servlet.WebDriverTestExecutionListener@6b53bcc2, org.springframework.boot.test.autoconfigure.webservices.client.MockWebServiceServerTestExecutionListener@180da663]
07:48:23.595 [main] DEBUG org.springframework.test.context.support.AbstractDirtiesContextTestExecutionListener - Before test class: context [DefaultTestContext@1253e7cb testClass = EmployeeControllerIntegrationTest, testInstance = [null], testMethod = [null], testException = [null], mergedContextConfiguration = [WebMergedContextConfiguration@2d36e77e testClass = EmployeeControllerIntegrationTest, locations = '{}', classes = '{class com.ivan.aksionau.test.BaseTest}', contextInitializerClasses = '[]', activeProfiles = '{}', propertySourceLocations = '{}', propertySourceProperties = '{org.springframework.boot.test.context.SpringBootTestContextBootstrapper=true, server.port=0}', contextCustomizers = set[[ImportsContextCustomizer@61c9c3fd key = [com.ivan.aksionau.springBootRestAPI.BaseConfiguration]], org.springframework.boot.test.context.filter.ExcludeFilterContextCustomizer@7ef27d7f, org.springframework.boot.test.json.DuplicateJsonObjectContextCustomizerFactory$DuplicateJsonObjectContextCustomizer@5c669da8, org.springframework.boot.test.mock.mockito.MockitoContextCustomizer@0, org.springframework.boot.test.web.client.TestRestTemplateContextCustomizer@df6620a, org.springframework.boot.test.autoconfigure.actuate.metrics.MetricsExportContextCustomizerFactory$DisableMetricExportContextCustomizer@662706a7, org.springframework.boot.test.autoconfigure.properties.PropertyMappingContextCustomizer@0, org.springframework.boot.test.autoconfigure.web.servlet.WebDriverContextCustomizerFactory$Customizer@11f0a5a1, org.springframework.boot.test.context.SpringBootTestArgs@1, org.springframework.boot.test.context.SpringBootTestWebEnvironment@6aba2b86], resourceBasePath = 'src/main/webapp', contextLoader = 'org.springframework.boot.test.context.SpringBootContextLoader', parent = [null]], attributes = map['org.springframework.test.context.web.ServletTestExecutionListener.activateListener' -> false]], class annotated with @DirtiesContext [false] with mode [null].
07:48:23.694 [main] DEBUG org.springframework.test.context.support.DependencyInjectionTestExecutionListener - Performing dependency injection for test context [[DefaultTestContext@1253e7cb testClass = EmployeeControllerIntegrationTest, testInstance = com.ivan.aksionau.test.EmployeeControllerIntegrationTest@1255b1d1, testMethod = [null], testException = [null], mergedContextConfiguration = [WebMergedContextConfiguration@2d36e77e testClass = EmployeeControllerIntegrationTest, locations = '{}', classes = '{class com.ivan.aksionau.test.BaseTest}', contextInitializerClasses = '[]', activeProfiles = '{}', propertySourceLocations = '{}', propertySourceProperties = '{org.springframework.boot.test.context.SpringBootTestContextBootstrapper=true, server.port=0}', contextCustomizers = set[[ImportsContextCustomizer@61c9c3fd key = [com.ivan.aksionau.springBootRestAPI.BaseConfiguration]], org.springframework.boot.test.context.filter.ExcludeFilterContextCustomizer@7ef27d7f, org.springframework.boot.test.json.DuplicateJsonObjectContextCustomizerFactory$DuplicateJsonObjectContextCustomizer@5c669da8, org.springframework.boot.test.mock.mockito.MockitoContextCustomizer@0, org.springframework.boot.test.web.client.TestRestTemplateContextCustomizer@df6620a, org.springframework.boot.test.autoconfigure.actuate.metrics.MetricsExportContextCustomizerFactory$DisableMetricExportContextCustomizer@662706a7, org.springframework.boot.test.autoconfigure.properties.PropertyMappingContextCustomizer@0, org.springframework.boot.test.autoconfigure.web.servlet.WebDriverContextCustomizerFactory$Customizer@11f0a5a1, org.springframework.boot.test.context.SpringBootTestArgs@1, org.springframework.boot.test.context.SpringBootTestWebEnvironment@6aba2b86], resourceBasePath = 'src/main/webapp', contextLoader = 'org.springframework.boot.test.context.SpringBootContextLoader', parent = [null]], attributes = map['org.springframework.test.context.web.ServletTestExecutionListener.activateListener' -> false, 'org.springframework.test.context.event.ApplicationEventsTestExecutionListener.recordApplicationEvents' -> false]]].
07:48:23.716 [main] DEBUG org.springframework.test.context.support.TestPropertySourceUtils - Adding inlined properties to environment: {spring.jmx.enabled=false, org.springframework.boot.test.context.SpringBootTestContextBootstrapper=true, server.port=0}

  .   ____          _            __ _ _
 /\\ / ___'_ __ _ _(_)_ __  __ _ \ \ \ \
( ( )\___ | '_ | '_| | '_ \/ _` | \ \ \ \
 \\/  ___)| |_)| | | | | || (_| |  ) ) ) )
  '  |____| .__|_| |_|_| |_\__, | / / / /
 =========|_|==============|___/=/_/_/_/
 :: Spring Boot ::                (v2.5.4)

2023-07-13 07:48:24.209  INFO 1835 --- [           main] .i.a.t.EmployeeControllerIntegrationTest : Starting EmployeeControllerIntegrationTest using Java 11.0.19 on fv-az306-592 with PID 1835 (started by runner in /home/runner/work/springBootRestAPI/springBootRestAPI)
2023-07-13 07:48:24.214  INFO 1835 --- [           main] .i.a.t.EmployeeControllerIntegrationTest : No active profile set, falling back to default profiles: default
2023-07-13 07:48:25.834  INFO 1835 --- [           main] o.s.b.w.embedded.tomcat.TomcatWebServer  : Tomcat initialized with port(s): 0 (http)
2023-07-13 07:48:25.844  INFO 1835 --- [           main] o.apache.catalina.core.StandardService   : Starting service [Tomcat]
2023-07-13 07:48:25.845  INFO 1835 --- [           main] org.apache.catalina.core.StandardEngine  : Starting Servlet engine: [Apache Tomcat/9.0.52]
2023-07-13 07:48:25.935  INFO 1835 --- [           main] o.a.c.c.C.[Tomcat].[localhost].[/]       : Initializing Spring embedded WebApplicationContext
2023-07-13 07:48:25.936  INFO 1835 --- [           main] w.s.c.ServletWebServerApplicationContext : Root WebApplicationContext: initialization completed in 1298 ms
2023-07-13 07:48:26.657  INFO 1835 --- [           main] o.s.b.w.embedded.tomcat.TomcatWebServer  : Tomcat started on port(s): 42415 (http) with context path ''
2023-07-13 07:48:26.671  INFO 1835 --- [           main] .i.a.t.EmployeeControllerIntegrationTest : Started EmployeeControllerIntegrationTest in 2.953 seconds (JVM running for 4.063)
2023-07-13 07:48:26.811  INFO 1835 --- [           main] com.ivan.aksionau.test.BaseTest          : Base URI: http://localhost:42415
2023-07-13 07:48:27.863  INFO 1835 --- [o-auto-1-exec-1] o.a.c.c.C.[Tomcat].[localhost].[/]       : Initializing Spring DispatcherServlet 'dispatcherServlet'
2023-07-13 07:48:27.864  INFO 1835 --- [o-auto-1-exec-1] o.s.web.servlet.DispatcherServlet        : Initializing Servlet 'dispatcherServlet'
2023-07-13 07:48:27.865  INFO 1835 --- [o-auto-1-exec-1] o.s.web.servlet.DispatcherServlet        : Completed initialization in 1 ms
]]></system-out>
  </testcase>
  <testcase name="testGetEmployeeListByParameters" classname="com.ivan.aksionau.test.EmployeeControllerIntegrationTest" time="0.094">
    <system-out><![CDATA[2023-07-13 07:48:28.521  INFO 1835 --- [           main] com.ivan.aksionau.test.BaseTest          : Base URI: http://localhost:42415
]]></system-out>
  </testcase>
  <testcase name="testUpdateEmployee" classname="com.ivan.aksionau.test.EmployeeControllerIntegrationTest" time="0.08">
    <system-out><![CDATA[2023-07-13 07:48:28.620  INFO 1835 --- [           main] com.ivan.aksionau.test.BaseTest          : Base URI: http://localhost:42415
]]></system-out>
  </testcase>
  <testcase name="testGetEmployById" classname="com.ivan.aksionau.test.EmployeeControllerIntegrationTest" time="0.041">
    <system-out><![CDATA[2023-07-13 07:48:28.702  INFO 1835 --- [           main] com.ivan.aksionau.test.BaseTest          : Base URI: http://localhost:42415
]]></system-out>
  </testcase>
</testsuite>